<?xml version="1.0" encoding="UTF-8"?>
<!-- Generated by org.testng.reporters.JUnitReportReporter -->
<testsuite hostname="Zimyos-MacBook-Air.local" failures="0" tests="2" name="com.hrms.testcases.LoginTestCase" time="20.606" errors="0" timestamp="2023-06-02T09:09:31 IST" skipped="0">
  <testcase classname="com.hrms.testcases.LoginTestCase" name="VisibityLoginPage" time="6.030"/>
  <system-out/>
  <testcase classname="com.hrms.testcases.LoginTestCase" name="adminSideLogin" time="14.576"/>
  <system-out/>
</testsuite> <!-- com.hrms.testcases.LoginTestCase -->
