<?xml version="1.0" encoding="UTF-8"?>
<!-- Generated by org.testng.reporters.JUnitReportReporter -->
<testsuite hostname="zimyo0012" failures="0" tests="1" name="com.hrms.testcases.LoginTestCase" time="6.241" errors="0" timestamp="2023-05-09T06:23:11 IST" skipped="0">
  <testcase classname="com.hrms.testcases.LoginTestCase" name="adminSideLogin" time="6.241"/>
  <system-out/>
</testsuite> <!-- com.hrms.testcases.LoginTestCase -->
