<?xml version="1.0" encoding="UTF-8"?>
<!-- Generated by org.testng.reporters.JUnitReportReporter -->
<testsuite hostname="Zimyos-MacBook-Air.local" failures="8" tests="11" name="com.hrms.testcases.EmployeesDirectoryTestCase" time="1028.225" errors="0" timestamp="2023-06-06T23:48:45 IST" skipped="1">
  <testcase classname="com.hrms.testcases.EmployeesDirectoryTestCase" name="employeeDirectoryPageVisible" time="36.529"/>
  <system-out/>
  <testcase classname="com.hrms.testcases.EmployeesDirectoryTestCase" name="employeeDirectorycreateEmployeeManually" time="173.418"/>
  <system-out/>
  <testcase classname="com.hrms.testcases.EmployeesDirectoryTestCase" name="employeeDirectoryProfileClick" time="108.980">
    <failure message="java.lang.NullPointerException: Cannot invoke &quot;org.openqa.selenium.WebElement.clear()&quot; because &quot;element&quot; is null" type="java.lang.AssertionError">
      <![CDATA[java.lang.AssertionError: java.lang.NullPointerException: Cannot invoke "org.openqa.selenium.WebElement.clear()" because "element" is null
at org.testng.Assert.fail(Assert.java:99)
at com.util.WebBasePage.enter(WebBasePage.java:86)
at com.hrms.pageobject.EmployeesDirectoryPageObject.employeeDirectorySearchBoxText(EmployeesDirectoryPageObject.java:409)
at com.hrms.actions.EmployeesDirectoryActions.employeeDirectorySearchBoxText(EmployeesDirectoryActions.java:90)
at com.hrms.testcases.EmployeesDirectoryTestCase.employeeDirectoryProfileClick(EmployeesDirectoryTestCase.java:68)
at java.base/jdk.internal.reflect.NativeMethodAccessorImpl.invoke0(Native Method)
at java.base/jdk.internal.reflect.NativeMethodAccessorImpl.invoke(NativeMethodAccessorImpl.java:77)
at java.base/jdk.internal.reflect.DelegatingMethodAccessorImpl.invoke(DelegatingMethodAccessorImpl.java:43)
at java.base/java.lang.reflect.Method.invoke(Method.java:568)
at org.testng.internal.MethodInvocationHelper.invokeMethod(MethodInvocationHelper.java:133)
at org.testng.internal.TestInvoker.invokeMethod(TestInvoker.java:598)
at org.testng.internal.TestInvoker.invokeTestMethod(TestInvoker.java:173)
at org.testng.internal.MethodRunner.runInSequence(MethodRunner.java:46)
at org.testng.internal.TestInvoker$MethodInvocationAgent.invoke(TestInvoker.java:824)
at org.testng.internal.TestInvoker.invokeTestMethods(TestInvoker.java:146)
at org.testng.internal.TestMethodWorker.invokeTestMethods(TestMethodWorker.java:146)
at org.testng.internal.TestMethodWorker.run(TestMethodWorker.java:128)
at java.base/java.util.ArrayList.forEach(ArrayList.java:1511)
at org.testng.TestRunner.privateRun(TestRunner.java:794)
at org.testng.TestRunner.run(TestRunner.java:596)
at org.testng.SuiteRunner.runTest(SuiteRunner.java:377)
at org.testng.SuiteRunner.runSequentially(SuiteRunner.java:371)
at org.testng.SuiteRunner.privateRun(SuiteRunner.java:332)
at org.testng.SuiteRunner.run(SuiteRunner.java:276)
at org.testng.SuiteRunnerWorker.runSuite(SuiteRunnerWorker.java:53)
at org.testng.SuiteRunnerWorker.run(SuiteRunnerWorker.java:96)
at org.testng.TestNG.runSuitesSequentially(TestNG.java:1212)
at org.testng.TestNG.runSuitesLocally(TestNG.java:1134)
at org.testng.TestNG.runSuites(TestNG.java:1063)
at org.testng.TestNG.run(TestNG.java:1031)
at org.testng.remote.AbstractRemoteTestNG.run(AbstractRemoteTestNG.java:115)
at org.testng.remote.RemoteTestNG.initAndRun(RemoteTestNG.java:251)
at org.testng.remote.RemoteTestNG.main(RemoteTestNG.java:77)
]]>
    </failure>
  </testcase> <!-- employeeDirectoryProfileClick -->
  <system-out/>
  <testcase classname="com.hrms.testcases.EmployeesDirectoryTestCase" name="employeeDirectorySearchBox" time="101.505">
    <failure message="change page so that previous data search box get blank  -  element not clikabke" type="java.lang.AssertionError">
      <![CDATA[java.lang.AssertionError: change page so that previous data search box get blank  -  element not clikabke
at org.testng.Assert.fail(Assert.java:99)
at com.util.WebBasePage.click(WebBasePage.java:229)
at com.hrms.pageobject.EmployeesDirectoryPageObject.employeeDirectoryRefreshPage(EmployeesDirectoryPageObject.java:448)
at com.hrms.actions.EmployeesDirectoryActions.employeeDirectoryRefreshpage(EmployeesDirectoryActions.java:84)
at com.hrms.testcases.EmployeesDirectoryTestCase.employeeDirectorySearchBox(EmployeesDirectoryTestCase.java:82)
at java.base/jdk.internal.reflect.NativeMethodAccessorImpl.invoke0(Native Method)
at java.base/jdk.internal.reflect.NativeMethodAccessorImpl.invoke(NativeMethodAccessorImpl.java:77)
at java.base/jdk.internal.reflect.DelegatingMethodAccessorImpl.invoke(DelegatingMethodAccessorImpl.java:43)
at java.base/java.lang.reflect.Method.invoke(Method.java:568)
at org.testng.internal.MethodInvocationHelper.invokeMethod(MethodInvocationHelper.java:133)
at org.testng.internal.TestInvoker.invokeMethod(TestInvoker.java:598)
at org.testng.internal.TestInvoker.invokeTestMethod(TestInvoker.java:173)
at org.testng.internal.MethodRunner.runInSequence(MethodRunner.java:46)
at org.testng.internal.TestInvoker$MethodInvocationAgent.invoke(TestInvoker.java:824)
at org.testng.internal.TestInvoker.invokeTestMethods(TestInvoker.java:146)
at org.testng.internal.TestMethodWorker.invokeTestMethods(TestMethodWorker.java:146)
at org.testng.internal.TestMethodWorker.run(TestMethodWorker.java:128)
at java.base/java.util.ArrayList.forEach(ArrayList.java:1511)
at org.testng.TestRunner.privateRun(TestRunner.java:794)
at org.testng.TestRunner.run(TestRunner.java:596)
at org.testng.SuiteRunner.runTest(SuiteRunner.java:377)
at org.testng.SuiteRunner.runSequentially(SuiteRunner.java:371)
at org.testng.SuiteRunner.privateRun(SuiteRunner.java:332)
at org.testng.SuiteRunner.run(SuiteRunner.java:276)
at org.testng.SuiteRunnerWorker.runSuite(SuiteRunnerWorker.java:53)
at org.testng.SuiteRunnerWorker.run(SuiteRunnerWorker.java:96)
at org.testng.TestNG.runSuitesSequentially(TestNG.java:1212)
at org.testng.TestNG.runSuitesLocally(TestNG.java:1134)
at org.testng.TestNG.runSuites(TestNG.java:1063)
at org.testng.TestNG.run(TestNG.java:1031)
at org.testng.remote.AbstractRemoteTestNG.run(AbstractRemoteTestNG.java:115)
at org.testng.remote.RemoteTestNG.initAndRun(RemoteTestNG.java:251)
at org.testng.remote.RemoteTestNG.main(RemoteTestNG.java:77)
]]>
    </failure>
  </testcase> <!-- employeeDirectorySearchBox -->
  <system-out/>
  <testcase classname="com.hrms.testcases.EmployeesDirectoryTestCase" name="employeeDirectoryFirstSectionMandatoryFieldIsNotFillThanThrowError" time="0.093">
    <skipped/>
  </testcase> <!-- employeeDirectoryFirstSectionMandatoryFieldIsNotFillThanThrowError -->
  <system-out/>
  <testcase classname="com.hrms.testcases.EmployeesDirectoryTestCase" name="employeeDirectoryNotFilledMandatoryFieldOfJoiningDateThanThrowError" time="101.334">
    <failure message="change page so that previous data search box get blank  -  element not clikabke" type="java.lang.AssertionError">
      <![CDATA[java.lang.AssertionError: change page so that previous data search box get blank  -  element not clikabke
at org.testng.Assert.fail(Assert.java:99)
at com.util.WebBasePage.click(WebBasePage.java:229)
at com.hrms.pageobject.EmployeesDirectoryPageObject.employeeDirectoryRefreshPage(EmployeesDirectoryPageObject.java:448)
at com.hrms.actions.EmployeesDirectoryActions.employeeDirectoryRefreshpage(EmployeesDirectoryActions.java:84)
at com.hrms.testcases.EmployeesDirectoryTestCase.employeeDirectoryNotFilledMandatoryFieldOfJoiningDateThanThrowError(EmployeesDirectoryTestCase.java:116)
at java.base/jdk.internal.reflect.NativeMethodAccessorImpl.invoke0(Native Method)
at java.base/jdk.internal.reflect.NativeMethodAccessorImpl.invoke(NativeMethodAccessorImpl.java:77)
at java.base/jdk.internal.reflect.DelegatingMethodAccessorImpl.invoke(DelegatingMethodAccessorImpl.java:43)
at java.base/java.lang.reflect.Method.invoke(Method.java:568)
at org.testng.internal.MethodInvocationHelper.invokeMethod(MethodInvocationHelper.java:133)
at org.testng.internal.TestInvoker.invokeMethod(TestInvoker.java:598)
at org.testng.internal.TestInvoker.invokeTestMethod(TestInvoker.java:173)
at org.testng.internal.MethodRunner.runInSequence(MethodRunner.java:46)
at org.testng.internal.TestInvoker$MethodInvocationAgent.invoke(TestInvoker.java:824)
at org.testng.internal.TestInvoker.invokeTestMethods(TestInvoker.java:146)
at org.testng.internal.TestMethodWorker.invokeTestMethods(TestMethodWorker.java:146)
at org.testng.internal.TestMethodWorker.run(TestMethodWorker.java:128)
at java.base/java.util.ArrayList.forEach(ArrayList.java:1511)
at org.testng.TestRunner.privateRun(TestRunner.java:794)
at org.testng.TestRunner.run(TestRunner.java:596)
at org.testng.SuiteRunner.runTest(SuiteRunner.java:377)
at org.testng.SuiteRunner.runSequentially(SuiteRunner.java:371)
at org.testng.SuiteRunner.privateRun(SuiteRunner.java:332)
at org.testng.SuiteRunner.run(SuiteRunner.java:276)
at org.testng.SuiteRunnerWorker.runSuite(SuiteRunnerWorker.java:53)
at org.testng.SuiteRunnerWorker.run(SuiteRunnerWorker.java:96)
at org.testng.TestNG.runSuitesSequentially(TestNG.java:1212)
at org.testng.TestNG.runSuitesLocally(TestNG.java:1134)
at org.testng.TestNG.runSuites(TestNG.java:1063)
at org.testng.TestNG.run(TestNG.java:1031)
at org.testng.remote.AbstractRemoteTestNG.run(AbstractRemoteTestNG.java:115)
at org.testng.remote.RemoteTestNG.initAndRun(RemoteTestNG.java:251)
at org.testng.remote.RemoteTestNG.main(RemoteTestNG.java:77)
]]>
    </failure>
  </testcase> <!-- employeeDirectoryNotFilledMandatoryFieldOfJoiningDateThanThrowError -->
  <system-out/>
  <testcase classname="com.hrms.testcases.EmployeesDirectoryTestCase" name="employeeDiectoyPageNavigateArrowBthClick" time="101.694">
    <failure message="change page so that previous data search box get blank  -  element not clikabke" type="java.lang.AssertionError">
      <![CDATA[java.lang.AssertionError: change page so that previous data search box get blank  -  element not clikabke
at org.testng.Assert.fail(Assert.java:99)
at com.util.WebBasePage.click(WebBasePage.java:229)
at com.hrms.pageobject.EmployeesDirectoryPageObject.employeeDirectoryRefreshPage(EmployeesDirectoryPageObject.java:448)
at com.hrms.actions.EmployeesDirectoryActions.employeeDirectoryRefreshpage(EmployeesDirectoryActions.java:84)
at com.hrms.testcases.EmployeesDirectoryTestCase.employeeDiectoyPageNavigateArrowBthClick(EmployeesDirectoryTestCase.java:132)
at java.base/jdk.internal.reflect.NativeMethodAccessorImpl.invoke0(Native Method)
at java.base/jdk.internal.reflect.NativeMethodAccessorImpl.invoke(NativeMethodAccessorImpl.java:77)
at java.base/jdk.internal.reflect.DelegatingMethodAccessorImpl.invoke(DelegatingMethodAccessorImpl.java:43)
at java.base/java.lang.reflect.Method.invoke(Method.java:568)
at org.testng.internal.MethodInvocationHelper.invokeMethod(MethodInvocationHelper.java:133)
at org.testng.internal.TestInvoker.invokeMethod(TestInvoker.java:598)
at org.testng.internal.TestInvoker.invokeTestMethod(TestInvoker.java:173)
at org.testng.internal.MethodRunner.runInSequence(MethodRunner.java:46)
at org.testng.internal.TestInvoker$MethodInvocationAgent.invoke(TestInvoker.java:824)
at org.testng.internal.TestInvoker.invokeTestMethods(TestInvoker.java:146)
at org.testng.internal.TestMethodWorker.invokeTestMethods(TestMethodWorker.java:146)
at org.testng.internal.TestMethodWorker.run(TestMethodWorker.java:128)
at java.base/java.util.ArrayList.forEach(ArrayList.java:1511)
at org.testng.TestRunner.privateRun(TestRunner.java:794)
at org.testng.TestRunner.run(TestRunner.java:596)
at org.testng.SuiteRunner.runTest(SuiteRunner.java:377)
at org.testng.SuiteRunner.runSequentially(SuiteRunner.java:371)
at org.testng.SuiteRunner.privateRun(SuiteRunner.java:332)
at org.testng.SuiteRunner.run(SuiteRunner.java:276)
at org.testng.SuiteRunnerWorker.runSuite(SuiteRunnerWorker.java:53)
at org.testng.SuiteRunnerWorker.run(SuiteRunnerWorker.java:96)
at org.testng.TestNG.runSuitesSequentially(TestNG.java:1212)
at org.testng.TestNG.runSuitesLocally(TestNG.java:1134)
at org.testng.TestNG.runSuites(TestNG.java:1063)
at org.testng.TestNG.run(TestNG.java:1031)
at org.testng.remote.AbstractRemoteTestNG.run(AbstractRemoteTestNG.java:115)
at org.testng.remote.RemoteTestNG.initAndRun(RemoteTestNG.java:251)
at org.testng.remote.RemoteTestNG.main(RemoteTestNG.java:77)
]]>
    </failure>
  </testcase> <!-- employeeDiectoyPageNavigateArrowBthClick -->
  <system-out/>
  <testcase classname="com.hrms.testcases.EmployeesDirectoryTestCase" name="employeeDirectoryEmpCodeDuplicateNotCreate" time="101.588">
    <failure message="change page so that previous data search box get blank  -  element not clikabke" type="java.lang.AssertionError">
      <![CDATA[java.lang.AssertionError: change page so that previous data search box get blank  -  element not clikabke
at org.testng.Assert.fail(Assert.java:99)
at com.util.WebBasePage.click(WebBasePage.java:229)
at com.hrms.pageobject.EmployeesDirectoryPageObject.employeeDirectoryRefreshPage(EmployeesDirectoryPageObject.java:448)
at com.hrms.actions.EmployeesDirectoryActions.employeeDirectoryRefreshpage(EmployeesDirectoryActions.java:84)
at com.hrms.testcases.EmployeesDirectoryTestCase.employeeDirectoryEmpCodeDuplicateNotCreate(EmployeesDirectoryTestCase.java:140)
at java.base/jdk.internal.reflect.NativeMethodAccessorImpl.invoke0(Native Method)
at java.base/jdk.internal.reflect.NativeMethodAccessorImpl.invoke(NativeMethodAccessorImpl.java:77)
at java.base/jdk.internal.reflect.DelegatingMethodAccessorImpl.invoke(DelegatingMethodAccessorImpl.java:43)
at java.base/java.lang.reflect.Method.invoke(Method.java:568)
at org.testng.internal.MethodInvocationHelper.invokeMethod(MethodInvocationHelper.java:133)
at org.testng.internal.TestInvoker.invokeMethod(TestInvoker.java:598)
at org.testng.internal.TestInvoker.invokeTestMethod(TestInvoker.java:173)
at org.testng.internal.MethodRunner.runInSequence(MethodRunner.java:46)
at org.testng.internal.TestInvoker$MethodInvocationAgent.invoke(TestInvoker.java:824)
at org.testng.internal.TestInvoker.invokeTestMethods(TestInvoker.java:146)
at org.testng.internal.TestMethodWorker.invokeTestMethods(TestMethodWorker.java:146)
at org.testng.internal.TestMethodWorker.run(TestMethodWorker.java:128)
at java.base/java.util.ArrayList.forEach(ArrayList.java:1511)
at org.testng.TestRunner.privateRun(TestRunner.java:794)
at org.testng.TestRunner.run(TestRunner.java:596)
at org.testng.SuiteRunner.runTest(SuiteRunner.java:377)
at org.testng.SuiteRunner.runSequentially(SuiteRunner.java:371)
at org.testng.SuiteRunner.privateRun(SuiteRunner.java:332)
at org.testng.SuiteRunner.run(SuiteRunner.java:276)
at org.testng.SuiteRunnerWorker.runSuite(SuiteRunnerWorker.java:53)
at org.testng.SuiteRunnerWorker.run(SuiteRunnerWorker.java:96)
at org.testng.TestNG.runSuitesSequentially(TestNG.java:1212)
at org.testng.TestNG.runSuitesLocally(TestNG.java:1134)
at org.testng.TestNG.runSuites(TestNG.java:1063)
at org.testng.TestNG.run(TestNG.java:1031)
at org.testng.remote.AbstractRemoteTestNG.run(AbstractRemoteTestNG.java:115)
at org.testng.remote.RemoteTestNG.initAndRun(RemoteTestNG.java:251)
at org.testng.remote.RemoteTestNG.main(RemoteTestNG.java:77)
]]>
    </failure>
  </testcase> <!-- employeeDirectoryEmpCodeDuplicateNotCreate -->
  <system-out/>
  <testcase classname="com.hrms.testcases.EmployeesDirectoryTestCase" name="bulkCreationEmployeeDirectoryWriteDataExcelFiles" time="101.520">
    <failure message="change page so that previous data search box get blank  -  element not clikabke" type="java.lang.AssertionError">
      <![CDATA[java.lang.AssertionError: change page so that previous data search box get blank  -  element not clikabke
at org.testng.Assert.fail(Assert.java:99)
at com.util.WebBasePage.click(WebBasePage.java:229)
at com.hrms.pageobject.EmployeesDirectoryPageObject.employeeDirectoryRefreshPage(EmployeesDirectoryPageObject.java:448)
at com.hrms.actions.EmployeesDirectoryActions.employeeDirectoryRefreshpage(EmployeesDirectoryActions.java:84)
at com.hrms.testcases.EmployeesDirectoryTestCase.bulkCreationEmployeeDirectoryWriteDataExcelFiles(EmployeesDirectoryTestCase.java:160)
at java.base/jdk.internal.reflect.NativeMethodAccessorImpl.invoke0(Native Method)
at java.base/jdk.internal.reflect.NativeMethodAccessorImpl.invoke(NativeMethodAccessorImpl.java:77)
at java.base/jdk.internal.reflect.DelegatingMethodAccessorImpl.invoke(DelegatingMethodAccessorImpl.java:43)
at java.base/java.lang.reflect.Method.invoke(Method.java:568)
at org.testng.internal.MethodInvocationHelper.invokeMethod(MethodInvocationHelper.java:133)
at org.testng.internal.TestInvoker.invokeMethod(TestInvoker.java:598)
at org.testng.internal.TestInvoker.invokeTestMethod(TestInvoker.java:173)
at org.testng.internal.MethodRunner.runInSequence(MethodRunner.java:46)
at org.testng.internal.TestInvoker$MethodInvocationAgent.invoke(TestInvoker.java:824)
at org.testng.internal.TestInvoker.invokeTestMethods(TestInvoker.java:146)
at org.testng.internal.TestMethodWorker.invokeTestMethods(TestMethodWorker.java:146)
at org.testng.internal.TestMethodWorker.run(TestMethodWorker.java:128)
at java.base/java.util.ArrayList.forEach(ArrayList.java:1511)
at org.testng.TestRunner.privateRun(TestRunner.java:794)
at org.testng.TestRunner.run(TestRunner.java:596)
at org.testng.SuiteRunner.runTest(SuiteRunner.java:377)
at org.testng.SuiteRunner.runSequentially(SuiteRunner.java:371)
at org.testng.SuiteRunner.privateRun(SuiteRunner.java:332)
at org.testng.SuiteRunner.run(SuiteRunner.java:276)
at org.testng.SuiteRunnerWorker.runSuite(SuiteRunnerWorker.java:53)
at org.testng.SuiteRunnerWorker.run(SuiteRunnerWorker.java:96)
at org.testng.TestNG.runSuitesSequentially(TestNG.java:1212)
at org.testng.TestNG.runSuitesLocally(TestNG.java:1134)
at org.testng.TestNG.runSuites(TestNG.java:1063)
at org.testng.TestNG.run(TestNG.java:1031)
at org.testng.remote.AbstractRemoteTestNG.run(AbstractRemoteTestNG.java:115)
at org.testng.remote.RemoteTestNG.initAndRun(RemoteTestNG.java:251)
at org.testng.remote.RemoteTestNG.main(RemoteTestNG.java:77)
]]>
    </failure>
  </testcase> <!-- bulkCreationEmployeeDirectoryWriteDataExcelFiles -->
  <system-out/>
  <testcase classname="com.hrms.testcases.EmployeesDirectoryTestCase" name="bulkCreationEmployeeDirectoryFileUpload" time="101.379">
    <failure message="change page so that previous data search box get blank  -  element not clikabke" type="java.lang.AssertionError">
      <![CDATA[java.lang.AssertionError: change page so that previous data search box get blank  -  element not clikabke
at org.testng.Assert.fail(Assert.java:99)
at com.util.WebBasePage.click(WebBasePage.java:229)
at com.hrms.pageobject.EmployeesDirectoryPageObject.employeeDirectoryRefreshPage(EmployeesDirectoryPageObject.java:448)
at com.hrms.actions.EmployeesDirectoryActions.employeeDirectoryRefreshpage(EmployeesDirectoryActions.java:84)
at com.hrms.testcases.EmployeesDirectoryTestCase.bulkCreationEmployeeDirectoryFileUpload(EmployeesDirectoryTestCase.java:168)
at java.base/jdk.internal.reflect.NativeMethodAccessorImpl.invoke0(Native Method)
at java.base/jdk.internal.reflect.NativeMethodAccessorImpl.invoke(NativeMethodAccessorImpl.java:77)
at java.base/jdk.internal.reflect.DelegatingMethodAccessorImpl.invoke(DelegatingMethodAccessorImpl.java:43)
at java.base/java.lang.reflect.Method.invoke(Method.java:568)
at org.testng.internal.MethodInvocationHelper.invokeMethod(MethodInvocationHelper.java:133)
at org.testng.internal.TestInvoker.invokeMethod(TestInvoker.java:598)
at org.testng.internal.TestInvoker.invokeTestMethod(TestInvoker.java:173)
at org.testng.internal.MethodRunner.runInSequence(MethodRunner.java:46)
at org.testng.internal.TestInvoker$MethodInvocationAgent.invoke(TestInvoker.java:824)
at org.testng.internal.TestInvoker.invokeTestMethods(TestInvoker.java:146)
at org.testng.internal.TestMethodWorker.invokeTestMethods(TestMethodWorker.java:146)
at org.testng.internal.TestMethodWorker.run(TestMethodWorker.java:128)
at java.base/java.util.ArrayList.forEach(ArrayList.java:1511)
at org.testng.TestRunner.privateRun(TestRunner.java:794)
at org.testng.TestRunner.run(TestRunner.java:596)
at org.testng.SuiteRunner.runTest(SuiteRunner.java:377)
at org.testng.SuiteRunner.runSequentially(SuiteRunner.java:371)
at org.testng.SuiteRunner.privateRun(SuiteRunner.java:332)
at org.testng.SuiteRunner.run(SuiteRunner.java:276)
at org.testng.SuiteRunnerWorker.runSuite(SuiteRunnerWorker.java:53)
at org.testng.SuiteRunnerWorker.run(SuiteRunnerWorker.java:96)
at org.testng.TestNG.runSuitesSequentially(TestNG.java:1212)
at org.testng.TestNG.runSuitesLocally(TestNG.java:1134)
at org.testng.TestNG.runSuites(TestNG.java:1063)
at org.testng.TestNG.run(TestNG.java:1031)
at org.testng.remote.AbstractRemoteTestNG.run(AbstractRemoteTestNG.java:115)
at org.testng.remote.RemoteTestNG.initAndRun(RemoteTestNG.java:251)
at org.testng.remote.RemoteTestNG.main(RemoteTestNG.java:77)
]]>
    </failure>
  </testcase> <!-- bulkCreationEmployeeDirectoryFileUpload -->
  <system-out/>
  <testcase classname="com.hrms.testcases.EmployeesDirectoryTestCase" name="findEmpCodeShouldNotDuplicateList" time="100.185">
    <failure message="java.lang.NullPointerException: Cannot invoke &quot;org.openqa.selenium.WebElement.findElements(org.openqa.selenium.By)&quot; because &quot;element&quot; is null" type="java.lang.AssertionError">
      <![CDATA[java.lang.AssertionError: java.lang.NullPointerException: Cannot invoke "org.openqa.selenium.WebElement.findElements(org.openqa.selenium.By)" because "element" is null
at org.testng.Assert.fail(Assert.java:99)
at com.hrms.pageobject.EmployeesDirectoryPageObject.uniqueListEmpCode(EmployeesDirectoryPageObject.java:1298)
at com.hrms.actions.EmployeesDirectoryActions.empCodeFindAnyDuplicate(EmployeesDirectoryActions.java:565)
at com.hrms.testcases.EmployeesDirectoryTestCase.findEmpCodeShouldNotDuplicateList(EmployeesDirectoryTestCase.java:175)
at java.base/jdk.internal.reflect.NativeMethodAccessorImpl.invoke0(Native Method)
at java.base/jdk.internal.reflect.NativeMethodAccessorImpl.invoke(NativeMethodAccessorImpl.java:77)
at java.base/jdk.internal.reflect.DelegatingMethodAccessorImpl.invoke(DelegatingMethodAccessorImpl.java:43)
at java.base/java.lang.reflect.Method.invoke(Method.java:568)
at org.testng.internal.MethodInvocationHelper.invokeMethod(MethodInvocationHelper.java:133)
at org.testng.internal.TestInvoker.invokeMethod(TestInvoker.java:598)
at org.testng.internal.TestInvoker.invokeTestMethod(TestInvoker.java:173)
at org.testng.internal.MethodRunner.runInSequence(MethodRunner.java:46)
at org.testng.internal.TestInvoker$MethodInvocationAgent.invoke(TestInvoker.java:824)
at org.testng.internal.TestInvoker.invokeTestMethods(TestInvoker.java:146)
at org.testng.internal.TestMethodWorker.invokeTestMethods(TestMethodWorker.java:146)
at org.testng.internal.TestMethodWorker.run(TestMethodWorker.java:128)
at java.base/java.util.ArrayList.forEach(ArrayList.java:1511)
at org.testng.TestRunner.privateRun(TestRunner.java:794)
at org.testng.TestRunner.run(TestRunner.java:596)
at org.testng.SuiteRunner.runTest(SuiteRunner.java:377)
at org.testng.SuiteRunner.runSequentially(SuiteRunner.java:371)
at org.testng.SuiteRunner.privateRun(SuiteRunner.java:332)
at org.testng.SuiteRunner.run(SuiteRunner.java:276)
at org.testng.SuiteRunnerWorker.runSuite(SuiteRunnerWorker.java:53)
at org.testng.SuiteRunnerWorker.run(SuiteRunnerWorker.java:96)
at org.testng.TestNG.runSuitesSequentially(TestNG.java:1212)
at org.testng.TestNG.runSuitesLocally(TestNG.java:1134)
at org.testng.TestNG.runSuites(TestNG.java:1063)
at org.testng.TestNG.run(TestNG.java:1031)
at org.testng.remote.AbstractRemoteTestNG.run(AbstractRemoteTestNG.java:115)
at org.testng.remote.RemoteTestNG.initAndRun(RemoteTestNG.java:251)
at org.testng.remote.RemoteTestNG.main(RemoteTestNG.java:77)
]]>
    </failure>
  </testcase> <!-- findEmpCodeShouldNotDuplicateList -->
  <system-out/>
</testsuite> <!-- com.hrms.testcases.EmployeesDirectoryTestCase -->
