<?xml version="1.0" encoding="UTF-8"?>
<!-- Generated by org.testng.reporters.JUnitReportReporter -->
<testsuite hostname="zimyo0012" failures="0" tests="2" name="com.hrms.testcases.EmployeesDirectoryTestCase" time="42.115" errors="0" timestamp="2023-05-22T02:15:47 IST" skipped="0">
  <testcase classname="com.hrms.testcases.EmployeesDirectoryTestCase" name="employeeDirectoryPageVisible" time="20.114"/>
  <system-out/>
  <testcase classname="com.hrms.testcases.EmployeesDirectoryTestCase" name="employeeDiectoyarrowBthClick" time="22.001"/>
  <system-out/>
</testsuite> <!-- com.hrms.testcases.EmployeesDirectoryTestCase -->
