<?xml version="1.0" encoding="UTF-8"?>
<!-- Generated by org.testng.reporters.JUnitReportReporter -->
<testsuite hostname="zimyo0012" failures="0" tests="1" name="com.hrms.testcases.LoginTestCase" time="3.791" errors="0" timestamp="2023-05-14T11:59:55 IST" skipped="0">
  <testcase classname="com.hrms.testcases.LoginTestCase" name="adminSideLogin" time="3.791"/>
  <system-out/>
</testsuite> <!-- com.hrms.testcases.LoginTestCase -->
